#
# A fatal error has been detected by the Java Runtime Environment:
#
#  EXCEPTION_ACCESS_VIOLATION (0xc0000005) at pc=0x00007ff85a020c0e, pid=26308, tid=13556
#
# JRE version:  (22.0.2+9) (build )
# Java VM: Java HotSpot(TM) 64-Bit Server VM (22.0.2+9-70, mixed mode, sharing, tiered, compressed oops, compressed class ptrs, g1 gc, windows-amd64)
# Problematic frame:
# V  [jvm.dll+0x310c0e]
#
# No core dump will be written. Minidumps are not enabled by default on client versions of Windows
#
#

---------------  S U M M A R Y ------------

Command Line: -Xmx16m org.eclipse.jdt.internal.launching.support.LibraryDetector

Host: Intel(R) Core(TM) i5-10500H CPU @ 2.50GHz, 12 cores, 15G,  Windows 11 , 64 bit Build 22621 (10.0.22621.3958)
Time: Tue Jul 30 11:31:18 2024 SE Asia Standard Time elapsed time: 0.020232 seconds (0d 0h 0m 0s)

---------------  T H R E A D  ---------------

Current thread (0x000001acefca1d80):  JavaThread "Unknown thread" [_thread_in_vm, id=13556, stack(0x000000408b100000,0x000000408b200000) (1024K)]

Stack: [0x000000408b100000,0x000000408b200000],  sp=0x000000408b1fee60,  free space=1019k
Native frames: (J=compiled Java code, j=interpreted, Vv=VM code, C=native code)
V  [jvm.dll+0x310c0e]  (no source info available)
V  [jvm.dll+0x311598]  (no source info available)
V  [jvm.dll+0x68bfd9]  (no source info available)
V  [jvm.dll+0x68c209]  (no source info available)
V  [jvm.dll+0x68b5a1]  (no source info available)
V  [jvm.dll+0x686dd7]  (no source info available)
V  [jvm.dll+0x83d5f8]  (no source info available)
V  [jvm.dll+0x3c10d1]  (no source info available)
V  [jvm.dll+0x8264cc]  (no source info available)
V  [jvm.dll+0x45bd5e]  (no source info available)
V  [jvm.dll+0x45dbe1]  (no source info available)
C  [jli.dll+0x52a3]  (no source info available)
C  [ucrtbase.dll+0x29333]  (no source info available)
C  [KERNEL32.DLL+0x1257d]  (no source info available)
C  [ntdll.dll+0x5af28]  (no source info available)


siginfo: EXCEPTION_ACCESS_VIOLATION (0xc0000005), reading address 0x0000000000000000


Registers:
RAX=0x000097a8d854a858, RBX=0x0000000000000000, RCX=0x0000000000000000, RDX=0x0000000000000001
RSP=0x000000408b1fee60, RBP=0x0000000000000001, RSI=0x000001ac8f30a018, RDI=0x000001acf1fd5fb0
R8 =0x0000000000000001, R9 =0x0000000000000001, R10=0x0000000000000000, R11=0x000000408b1feed8
R12=0x0000000000000001, R13=0x000001acefc7ed70, R14=0x0000000000000001, R15=0x000001ac8f000000
RIP=0x00007ff85a020c0e, EFLAGS=0x0000000000010246


Top of Stack: (sp=0x000000408b1fee60)
0x000000408b1fee60:   000001ac8fc60000 0000000800000000
0x000000408b1fee70:   0000000800c60000 000001ac8f000000
0x000000408b1fee80:   000001ac8fc60000 000001a48f000000
0x000000408b1fee90:   000001ac8f000000 0000000000000001
0x000000408b1feea0:   000000408b1fefb0 0000000000000000
0x000000408b1feeb0:   000097a8d854a858 000001a48f000000
0x000000408b1feec0:   000001acf1fd5fb0 0000000000000000
0x000000408b1feed0:   000001acf1fd5fb0 00007ff85a021598
0x000000408b1feee0:   000001ac8f000000 0000000000000000
0x000000408b1feef0:   0000000000000000 00007ff918c17701
0x000000408b1fef00:   000001ac8f000000 0000000001000000
0x000000408b1fef10:   0000000000000000 0000000000010000
0x000000408b1fef20:   0000000000001000 ffffffff00cb0000
0x000000408b1fef30:   0000000000000300 00000000000002d0
0x000000408b1fef40:   000097a8d854a8d8 0000000000000000
0x000000408b1fef50:   0000000000000000 0000000000000000
0x000000408b1fef60:   000001acf1fd5fb0 000000408b1ff100
0x000000408b1fef70:   000001acf1fd5fb0 00007ff85a39bfd9
0x000000408b1fef80:   0000000000000002 00007ff85a8f9920
0x000000408b1fef90:   000001acf1fd5fb0 000001ac8f000000
0x000000408b1fefa0:   000000408b1fefb0 0000000000001000
0x000000408b1fefb0:   000001ac8f000000 0000000001000000
0x000000408b1fefc0:   0000000000000000 0000000000010000
0x000000408b1fefd0:   0000000000001000 ffffffff00cb0000
0x000000408b1fefe0:   0000000000000300 000001acf1fd5fb0
0x000000408b1feff0:   0000000000000000 00007ff85a39c209
0x000000408b1ff000:   0000000000000000 0000000001000000
0x000000408b1ff010:   000001acefd61db0 0000000000000000
0x000000408b1ff020:   000000408b1ff030 000000408b1ff068
0x000000408b1ff030:   000001ac8f000000 0000000001000000
0x000000408b1ff040:   0000000000000000 0000000000010000
0x000000408b1ff050:   0000000000001000 ffffffff00cb0000 

Instructions: (pc=0x00007ff85a020c0e)
0x00007ff85a020b0e:   48 8d 0d 5b d2 6d 00 e8 c6 4c ec ff 32 c0 48 83
0x00007ff85a020b1e:   c4 20 5b c3 48 85 c0 74 0c 48 8d 0d c2 9f 6d 00
0x00007ff85a020b2e:   e8 ad 4c ec ff 48 8b 05 16 3a 92 00 48 85 c0 74
0x00007ff85a020b3e:   1b 44 0f b6 83 a5 01 00 00 48 8d 0d 92 d2 6d 00
0x00007ff85a020b4e:   0f b6 93 a4 01 00 00 e8 a6 ed da ff 0f b6 05 80
0x00007ff85a020b5e:   33 93 00 38 83 a4 01 00 00 75 3f 0f b6 05 bb cc
0x00007ff85a020b6e:   8c 00 38 83 a5 01 00 00 75 30 80 bb e9 02 00 00
0x00007ff85a020b7e:   00 75 1f 48 8b 05 c8 39 92 00 c6 05 41 8d 8d 00
0x00007ff85a020b8e:   00 48 85 c0 74 0c 48 8d 0d 45 d3 6d 00 e8 60 ed
0x00007ff85a020b9e:   da ff b0 01 48 83 c4 20 5b c3 48 8b 05 a1 39 92
0x00007ff85a020bae:   00 48 85 c0 74 0c 48 8d 0d 85 d2 6d 00 e8 40 ed
0x00007ff85a020bbe:   da ff 32 c0 48 83 c4 20 5b c3 cc cc cc cc cc cc
0x00007ff85a020bce:   cc cc 4c 8b dc 57 48 83 ec 70 48 8b 05 d9 58 8f
0x00007ff85a020bde:   00 48 33 c4 48 89 44 24 50 80 3d 92 ca 8c 00 00
0x00007ff85a020bee:   49 89 5b 10 49 89 6b 18 0f b6 ea 49 89 73 f0 48
0x00007ff85a020bfe:   8b f1 74 17 80 39 00 75 12 48 8b 0d 5a 81 92 00
0x00007ff85a020c0e:   48 8b 01 ff 50 20 48 8b d8 eb 08 48 8b 59 18 48
0x00007ff85a020c1e:   83 c3 04 48 8b 05 08 82 92 00 40 b7 01 48 85 c0
0x00007ff85a020c2e:   74 0f 48 8b d3 48 8d 0d be bb 6d 00 e8 71 a1 f0
0x00007ff85a020c3e:   ff 48 8d 54 24 20 48 8b cb e8 84 fe 3c 00 85 c0
0x00007ff85a020c4e:   74 28 40 84 ed 74 23 48 8b 05 fc 38 92 00 48 85
0x00007ff85a020c5e:   c0 74 47 48 8b d3 48 8d 0d b5 bb 6d 00 e8 70 4b
0x00007ff85a020c6e:   ec ff 40 32 ff e9 31 01 00 00 80 3e 02 75 33 48
0x00007ff85a020c7e:   8b cb e8 eb 9e 3c 00 84 c0 0f 85 1c 01 00 00 48
0x00007ff85a020c8e:   8b 05 c4 38 92 00 48 85 c0 74 0f 48 8b d3 48 8d
0x00007ff85a020c9e:   0d ad bb 6d 00 e8 38 4b ec ff 40 32 ff e9 f9 00
0x00007ff85a020cae:   00 00 48 8b 46 08 48 63 6c 24 34 4c 89 74 24 60
0x00007ff85a020cbe:   4c 8b 76 10 48 85 c0 74 0d 48 3b 44 24 40 74 06
0x00007ff85a020cce:   40 0f b6 f7 eb 0c 40 32 f6 4c 3b f5 0f 84 c4 00
0x00007ff85a020cde:   00 00 48 8b 05 71 38 92 00 40 32 ff 40 38 3d 17
0x00007ff85a020cee:   32 93 00 74 28 48 85 c0 0f 84 a8 00 00 00 40 84
0x00007ff85a020cfe:   f6 48 8d 05 6a bb 6d 00 48 8d 0d 7b bb 6d 00 48 



---------------  P R O C E S S  ---------------

Threads class SMR info:
_java_thread_list=0x00007ff85a8fc1c8, length=0, elements={
}

Java Threads: ( => current thread )
Total: 0

Other Threads:
  0x000001acf1f90100 WorkerThread "GC Thread#0"                     [id=13680, stack(0x000000408b200000,0x000000408b300000) (1024K)]
  0x000001acf1f910c0 ConcurrentGCThread "G1 Main Marker"            [id=14640, stack(0x000000408b300000,0x000000408b400000) (1024K)]
  0x000001acf1f91bd0 WorkerThread "G1 Conc#0"                       [id=9564, stack(0x000000408b400000,0x000000408b500000) (1024K)]
  0x000001acf1fd47a0 ConcurrentGCThread "G1 Refine#0"               [id=21892, stack(0x000000408b500000,0x000000408b600000) (1024K)]
  0x000001acf1fd5320 ConcurrentGCThread "G1 Service"                [id=9076, stack(0x000000408b600000,0x000000408b700000) (1024K)]

=>0x000001acefca1d80 (exited) JavaThread "Unknown thread"    [_thread_in_vm, id=13556, stack(0x000000408b100000,0x000000408b200000) (1024K)]
Total: 6

Threads with active compile tasks:
Total: 0

VM state: not at safepoint (not fully initialized)

VM Mutex/Monitor currently owned by a thread: None

Heap address: 0x00000000ff000000, size: 16 MB, Compressed Oops mode: 32-bit

CDS archive(s) mapped at: [0x0000000000000000-0x0000000000000000-0x0000000000000000), size 0, SharedBaseAddress: 0x0000000800000000, ArchiveRelocationMode: 1.
Narrow klass base: 0x0000000000000000, Narrow klass shift: 0, Narrow klass range: 0x0

GC Precious Log:
 CardTable entry size: 512
 Card Set container configuration: InlinePtr #cards 5 size 8 Array Of Cards #cards 12 size 40 Howl #buckets 4 coarsen threshold 1843 Howl Bitmap #cards 512 size 80 coarsen threshold 460 Card regions per heap region 1 cards per card region 2048
 CPUs: 12 total, 12 available
 Memory: 16205M
 Large Page Support: Disabled
 NUMA Support: Disabled
 Compressed Oops: Enabled (32-bit)
 Heap Region Size: 1M
 Heap Min Capacity: 8M
 Heap Initial Capacity: 16M
 Heap Max Capacity: 16M
 Pre-touch: Disabled
 Parallel Workers: 10
 Concurrent Workers: 3
 Concurrent Refinement Workers: 10
 Periodic GC: Disabled

Heap:
 garbage-first heap   total reserved 16384K, committed 16384K, used 0K [0x00000000ff000000, 0x0000000100000000)
  region size 1024K, 0 young (0K), 0 survivors (0K)

[error occurred during error reporting (printing heap information), id 0xc0000005, EXCEPTION_ACCESS_VIOLATION (0xc0000005) at pc=0x00007ff85a44e869]
GC Heap History (0 events):
No events

Dll operation events (1 events):
Event: 0.006 Loaded shared library C:\Program Files\Java\jdk-22\bin\java.dll

Deoptimization events (0 events):
No events

Classes loaded (0 events):
No events

Classes unloaded (0 events):
No events

Classes redefined (0 events):
No events

Internal exceptions (0 events):
No events

ZGC Phase Switch (0 events):
No events

VM Operations (0 events):
No events

Memory protections (0 events):
No events

Nmethod flushes (0 events):
No events

Events (0 events):
No events


Dynamic libraries:
0x00007ff727520000 - 0x00007ff727530000 	C:\Program Files\Java\jdk-22\bin\javaw.exe
0x00007ff91b5b0000 - 0x00007ff91b7c7000 	C:\WINDOWS\SYSTEM32\ntdll.dll
0x00007ff91a570000 - 0x00007ff91a634000 	C:\WINDOWS\System32\KERNEL32.DLL
0x00007ff918e10000 - 0x00007ff9191bd000 	C:\WINDOWS\System32\KERNELBASE.dll
0x00007ff918c10000 - 0x00007ff918d21000 	C:\WINDOWS\System32\ucrtbase.dll
0x00007ff90a990000 - 0x00007ff90a9a7000 	C:\Program Files\Java\jdk-22\bin\jli.dll
0x00007ff906960000 - 0x00007ff90697b000 	C:\Program Files\Java\jdk-22\bin\VCRUNTIME140.dll
0x00007ff91a0c0000 - 0x00007ff91a26e000 	C:\WINDOWS\System32\USER32.dll
0x00007ff918db0000 - 0x00007ff918dd6000 	C:\WINDOWS\System32\win32u.dll
0x00007ff911160000 - 0x00007ff9113f3000 	C:\WINDOWS\WinSxS\amd64_microsoft.windows.common-controls_6595b64144ccf1df_6.0.22621.3672_none_2713b9d173822955\COMCTL32.dll
0x00007ff91aa20000 - 0x00007ff91aa49000 	C:\WINDOWS\System32\GDI32.dll
0x00007ff9192e0000 - 0x00007ff919387000 	C:\WINDOWS\System32\msvcrt.dll
0x00007ff9191c0000 - 0x00007ff9192d9000 	C:\WINDOWS\System32\gdi32full.dll
0x00007ff918a00000 - 0x00007ff918a9a000 	C:\WINDOWS\System32\msvcp_win.dll
0x00007ff91a6a0000 - 0x00007ff91a6d1000 	C:\WINDOWS\System32\IMM32.DLL
0x00007ff90cbf0000 - 0x00007ff90cbfc000 	C:\Program Files\Java\jdk-22\bin\vcruntime140_1.dll
0x00007ff8c98a0000 - 0x00007ff8c992e000 	C:\Program Files\Java\jdk-22\bin\msvcp140.dll
0x00007ff859d10000 - 0x00007ff85aa59000 	C:\Program Files\Java\jdk-22\bin\server\jvm.dll
0x00007ff91a840000 - 0x00007ff91a8f2000 	C:\WINDOWS\System32\ADVAPI32.dll
0x00007ff919390000 - 0x00007ff919439000 	C:\WINDOWS\System32\sechost.dll
0x00007ff918de0000 - 0x00007ff918e08000 	C:\WINDOWS\System32\bcrypt.dll
0x00007ff91a450000 - 0x00007ff91a564000 	C:\WINDOWS\System32\RPCRT4.dll
0x00007ff91a900000 - 0x00007ff91a971000 	C:\WINDOWS\System32\WS2_32.dll
0x00007ff917760000 - 0x00007ff9177ad000 	C:\WINDOWS\SYSTEM32\POWRPROF.dll
0x00007ff9043e0000 - 0x00007ff904414000 	C:\WINDOWS\SYSTEM32\WINMM.dll
0x00007ff911500000 - 0x00007ff91150a000 	C:\WINDOWS\SYSTEM32\VERSION.dll
0x00007ff917740000 - 0x00007ff917753000 	C:\WINDOWS\SYSTEM32\UMPDC.dll
0x00007ff9179f0000 - 0x00007ff917a08000 	C:\WINDOWS\SYSTEM32\kernel.appcore.dll
0x00007ff90cbb0000 - 0x00007ff90cbba000 	C:\Program Files\Java\jdk-22\bin\jimage.dll
0x00007ff90a740000 - 0x00007ff90a972000 	C:\WINDOWS\SYSTEM32\DBGHELP.DLL
0x00007ff919760000 - 0x00007ff919aed000 	C:\WINDOWS\System32\combase.dll
0x00007ff91a270000 - 0x00007ff91a347000 	C:\WINDOWS\System32\OLEAUT32.dll
0x00007ff9001a0000 - 0x00007ff9001d2000 	C:\WINDOWS\SYSTEM32\dbgcore.DLL
0x00007ff918d30000 - 0x00007ff918dab000 	C:\WINDOWS\System32\bcryptPrimitives.dll
0x00007ff906940000 - 0x00007ff90695e000 	C:\Program Files\Java\jdk-22\bin\java.dll
0x00007ff91ad00000 - 0x00007ff91b567000 	C:\WINDOWS\System32\SHELL32.dll
0x00007ff91ab50000 - 0x00007ff91acf5000 	C:\WINDOWS\System32\ole32.dll

dbghelp: loaded successfully - version: 4.0.5 - missing functions: none
symbol engine: initialized successfully - sym options: 0x614 - pdb path: .;C:\Program Files\Java\jdk-22\bin;C:\WINDOWS\SYSTEM32;C:\WINDOWS\WinSxS\amd64_microsoft.windows.common-controls_6595b64144ccf1df_6.0.22621.3672_none_2713b9d173822955;C:\Program Files\Java\jdk-22\bin\server

VM Arguments:
jvm_args: -Xmx16m 
java_command: org.eclipse.jdt.internal.launching.support.LibraryDetector
java_class_path (initial): C:\Users\pc\AppData\Roaming\Code\User\globalStorage\redhat.java\1.32.0\config_ss_win\org.eclipse.osgi\38\0\.cp\lib\launchingsupport.jar
Launcher Type: SUN_STANDARD

[Global flags]
     intx CICompilerCount                          = 4                                         {product} {ergonomic}
     uint ConcGCThreads                            = 3                                         {product} {ergonomic}
     uint G1ConcRefinementThreads                  = 10                                        {product} {ergonomic}
   size_t G1HeapRegionSize                         = 1048576                                   {product} {ergonomic}
   size_t InitialHeapSize                          = 16777216                                  {product} {ergonomic}
   size_t MarkStackSize                            = 4194304                                   {product} {ergonomic}
   size_t MaxHeapSize                              = 16777216                                  {product} {command line}
   size_t MaxNewSize                               = 9437184                                   {product} {ergonomic}
   size_t MinHeapDeltaBytes                        = 1048576                                   {product} {ergonomic}
   size_t MinHeapSize                              = 8388608                                   {product} {ergonomic}
    uintx NonNMethodCodeHeapSize                   = 5839372                                {pd product} {ergonomic}
    uintx NonProfiledCodeHeapSize                  = 122909434                              {pd product} {ergonomic}
    uintx ProfiledCodeHeapSize                     = 122909434                              {pd product} {ergonomic}
    uintx ReservedCodeCacheSize                    = 251658240                              {pd product} {ergonomic}
     bool SegmentedCodeCache                       = true                                      {product} {ergonomic}
   size_t SoftMaxHeapSize                          = 16777216                               {manageable} {ergonomic}
     bool UseCompressedOops                        = true                           {product lp64_product} {ergonomic}
     bool UseG1GC                                  = true                                      {product} {ergonomic}
     bool UseLargePagesIndividualAllocation        = false                                  {pd product} {ergonomic}

Logging:
Log output configuration:
 #0: stdout all=warning uptime,level,tags foldmultilines=false
 #1: stderr all=off uptime,level,tags foldmultilines=false

Environment Variables:
JAVA_HOME=C:\tool-dev\jdk-17
PATH=C:\Program Files\Microsoft MPI\Bin\;C:\tool-dev\jdk-17\bin;C:\ProgramData\Oracle\Java\javapath;C:\Windows\system32;C:\Windows;C:\Windows\System32\Wbem;C:\Windows\System32\WindowsPowerShell\v1.0\;C:\Windows\System32\OpenSSH\;C:\Program Files (x86)\NVIDIA Corporation\PhysX\Common;C:\Program Files\NVIDIA Corporation\NVIDIA NvDLISR;C:\WINDOWS\system32;C:\WINDOWS;C:\WINDOWS\System32\Wbem;C:\WINDOWS\System32\WindowsPowerShell\v1.0\;C:\WINDOWS\System32\OpenSSH\;C:\Program Files\nodejs\;C:\Program Files\dotnet\;C:\Program Files (x86)\Microsoft SQL Server\160\DTS\Binn\;C:\Program Files\Azure Data Studio\bin;C:\Program Files (x86)\Microsoft SQL Server\160\Tools\Binn\;C:\Program Files\Microsoft SQL Server\160\Tools\Binn\;C:\Program Files\Microsoft SQL Server\Client SDK\ODBC\170\Tools\Binn\;C:\Program Files\Microsoft SQL Server\160\DTS\Binn\;C:\Program Files\Microsoft SQL Server\150\Tools\Binn\;C:\Program Files\Microsoft SQL Server\130\Tools\Binn\;C:\Users\pc\AppData\Local\Microsoft\WindowsApps;C:\Users\pc\AppData\Roaming\npm;;C:\Users\pc\AppData\Local\Programs\Microsoft VS Code\bin;C:\Program Files\Azure Data Studio\bin;C:\Users\pc\.dotnet\tools
USERNAME=pc
OS=Windows_NT
PROCESSOR_IDENTIFIER=Intel64 Family 6 Model 165 Stepping 2, GenuineIntel
TMP=C:\Users\pc\AppData\Local\Temp
TEMP=C:\Users\pc\AppData\Local\Temp




Periodic native trim disabled

---------------  S Y S T E M  ---------------

OS:
 Windows 11 , 64 bit Build 22621 (10.0.22621.3958)
OS uptime: 3 days 14:04 hours

CPU: total 12 (initial active 12) (6 cores per cpu, 2 threads per core) family 6 model 165 stepping 2 microcode 0xe2, cx8, cmov, fxsr, ht, mmx, 3dnowpref, sse, sse2, sse3, ssse3, sse4.1, sse4.2, popcnt, lzcnt, tsc, tscinvbit, avx, avx2, aes, erms, clmul, bmi1, bmi2, adx, fma, vzeroupper, clflush, clflushopt, rdtscp, f16c, pku
Processor Information for all 12 processors :
  Max Mhz: 2496, Current Mhz: 2496, Mhz Limit: 2496

Memory: 4k page, system-wide physical 16205M (6942M free)
TotalPageFile size 17997M (AvailPageFile size 4789M)
current process WorkingSet (physical memory assigned to process): 24M, peak: 24M
current process commit charge ("private bytes"): 92M, peak: 92M

vm_info: Java HotSpot(TM) 64-Bit Server VM (22.0.2+9-70) for windows-amd64 JRE (22.0.2+9-70), built on 2024-06-04T16:52:23Z by "mach5one" with MS VC++ 17.6 (VS2022)

END.
